# JRE version: OpenJDK Runtime Environment 18.9 (11.0.11+9) (build 11.0.11+9)
# Java VM: OpenJDK 64-Bit Server VM 18.9 (11.0.11+9, mixed mode, tiered, compressed oops, g1 gc, windows-amd64)
Heap:
 garbage-first heap   total 262144K, used 149894K [0x0000000740000000, 0x0000000800000000)
  region size 1024K, 15 young (15360K), 1 survivors (1024K)
 Metaspace       used 122799K, capacity 125905K, committed 126248K, reserved 1159168K
  class space    used 16008K, capacity 17390K, committed 17492K, reserved 1048576K
GC Heap History (20 events):
Event: 16587.907 GC heap before
{Heap before GC invocations=413 (full 37):
 garbage-first heap   total 262144K, used 191159K [0x0000000740000000, 0x0000000800000000)
  region size 1024K, 60 young (61440K), 1 survivors (1024K)
 Metaspace       used 122702K, capacity 125840K, committed 125992K, reserved 1157120K
  class space    used 16008K, capacity 17390K, committed 17492K, reserved 1048576K
}
Event: 16587.909 GC heap after
{Heap after GC invocations=414 (full 37):
 garbage-first heap   total 262144K, used 130611K [0x0000000740000000, 0x0000000800000000)
  region size 1024K, 1 young (1024K), 1 survivors (1024K)
 Metaspace       used 122702K, capacity 125840K, committed 125992K, reserved 1157120K
  class space    used 16008K, capacity 17390K, committed 17492K, reserved 1048576K
}
Event: 16590.797 GC heap before
{Heap before GC invocations=414 (full 37):
 garbage-first heap   total 262144K, used 191027K [0x0000000740000000, 0x0000000800000000)
  region size 1024K, 60 young (61440K), 1 survivors (1024K)
 Metaspace       used 122702K, capacity 125840K, committed 125992K, reserved 1157120K
  class space    used 16008K, capacity 17390K, committed 17492K, reserved 1048576K
}
Event: 16590.799 GC heap after
{Heap after GC invocations=415 (full 37):
 garbage-first heap   total 262144K, used 130581K [0x0000000740000000, 0x0000000800000000)
  region size 1024K, 1 young (1024K), 1 survivors (1024K)
 Metaspace       used 122702K, capacity 125840K, committed 125992K, reserved 1157120K
  class space    used 16008K, capacity 17390K, committed 17492K, reserved 1048576K
}
Event: 16594.003 GC heap before
{Heap before GC invocations=416 (full 37):
 garbage-first heap   total 262144K, used 190997K [0x0000000740000000, 0x0000000800000000)
  region size 1024K, 60 young (61440K), 1 survivors (1024K)
 Metaspace       used 122733K, capacity 125904K, committed 126248K, reserved 1159168K
  class space    used 16008K, capacity 17390K, committed 17492K, reserved 1048576K
}
Event: 16594.006 GC heap after
{Heap after GC invocations=417 (full 37):
 garbage-first heap   total 262144K, used 131498K [0x0000000740000000, 0x0000000800000000)
  region size 1024K, 2 young (2048K), 2 survivors (2048K)
 Metaspace       used 122733K, capacity 125904K, committed 126248K, reserved 1159168K
  class space    used 16008K, capacity 17390K, committed 17492K, reserved 1048576K
}
Event: 16595.319 GC heap before
{Heap before GC invocations=417 (full 37):
 garbage-first heap   total 262144K, used 190890K [0x0000000740000000, 0x0000000800000000)
  region size 1024K, 60 young (61440K), 2 survivors (2048K)
 Metaspace       used 122746K, capacity 125904K, committed 126248K, reserved 1159168K
  class space    used 16008K, capacity 17390K, committed 17492K, reserved 1048576K
}
Event: 16595.325 GC heap after
{Heap after GC invocations=418 (full 37):
 garbage-first heap   total 262144K, used 133818K [0x0000000740000000, 0x0000000800000000)
  region size 1024K, 4 young (4096K), 4 survivors (4096K)
 Metaspace       used 122746K, capacity 125904K, committed 126248K, reserved 1159168K
  class space    used 16008K, capacity 17390K, committed 17492K, reserved 1048576K
}
Event: 16595.668 GC heap before
{Heap before GC invocations=419 (full 37):
 garbage-first heap   total 262144K, used 191162K [0x0000000740000000, 0x0000000800000000)
  region size 1024K, 60 young (61440K), 4 survivors (4096K)
 Metaspace       used 122791K, capacity 125905K, committed 126248K, reserved 1159168K
  class space    used 16008K, capacity 17390K, committed 17492K, reserved 1048576K
}
Event: 16595.675 GC heap after
{Heap after GC invocations=420 (full 37):
 garbage-first heap   total 262144K, used 134837K [0x0000000740000000, 0x0000000800000000)
  region size 1024K, 5 young (5120K), 5 survivors (5120K)
 Metaspace       used 122791K, capacity 125905K, committed 126248K, reserved 1159168K
  class space    used 16008K, capacity 17390K, committed 17492K, reserved 1048576K
}
Event: 16595.703 GC heap before
{Heap before GC invocations=420 (full 37):
 garbage-first heap   total 262144K, used 136885K [0x0000000740000000, 0x0000000800000000)
  region size 1024K, 8 young (8192K), 5 survivors (5120K)
 Metaspace       used 122792K, capacity 125905K, committed 126248K, reserved 1159168K
  class space    used 16008K, capacity 17390K, committed 17492K, reserved 1048576K
}
Event: 16595.711 GC heap after
{Heap after GC invocations=421 (full 37):
 garbage-first heap   total 262144K, used 135019K [0x0000000740000000, 0x0000000800000000)
  region size 1024K, 4 young (4096K), 4 survivors (4096K)
 Metaspace       used 122792K, capacity 125905K, committed 126248K, reserved 1159168K
  class space    used 16008K, capacity 17390K, committed 17492K, reserved 1048576K
}
Event: 16595.760 GC heap before
{Heap before GC invocations=421 (full 37):
 garbage-first heap   total 262144K, used 142187K [0x0000000740000000, 0x0000000800000000)
  region size 1024K, 6 young (6144K), 4 survivors (4096K)
 Metaspace       used 122795K, capacity 125905K, committed 126248K, reserved 1159168K
  class space    used 16008K, capacity 17390K, committed 17492K, reserved 1048576K
}
Event: 16595.866 GC heap after
{Heap after GC invocations=422 (full 38):
 garbage-first heap   total 262144K, used 134249K [0x0000000740000000, 0x0000000800000000)
  region size 1024K, 0 young (0K), 0 survivors (0K)
 Metaspace       used 122795K, capacity 125905K, committed 126248K, reserved 1159168K
  class space    used 16008K, capacity 17390K, committed 17492K, reserved 1048576K
}
Event: 16595.935 GC heap before
{Heap before GC invocations=422 (full 38):
 garbage-first heap   total 262144K, used 153705K [0x0000000740000000, 0x0000000800000000)
  region size 1024K, 20 young (20480K), 0 survivors (0K)
 Metaspace       used 122795K, capacity 125905K, committed 126248K, reserved 1159168K
  class space    used 16008K, capacity 17390K, committed 17492K, reserved 1048576K
}
Event: 16595.936 GC heap after
{Heap after GC invocations=423 (full 38):
 garbage-first heap   total 262144K, used 134952K [0x0000000740000000, 0x0000000800000000)
  region size 1024K, 1 young (1024K), 1 survivors (1024K)
 Metaspace       used 122795K, capacity 125905K, committed 126248K, reserved 1159168K
  class space    used 16008K, capacity 17390K, committed 17492K, reserved 1048576K
}
Event: 16596.976 GC heap before
{Heap before GC invocations=424 (full 38):
 garbage-first heap   total 262144K, used 180008K [0x0000000740000000, 0x0000000800000000)
  region size 1024K, 44 young (45056K), 1 survivors (1024K)
 Metaspace       used 122796K, capacity 125905K, committed 126248K, reserved 1159168K
  class space    used 16008K, capacity 17390K, committed 17492K, reserved 1048576K
}
Event: 16596.979 GC heap after
{Heap after GC invocations=425 (full 38):
 garbage-first heap   total 262144K, used 136578K [0x0000000740000000, 0x0000000800000000)
  region size 1024K, 1 young (1024K), 1 survivors (1024K)
 Metaspace       used 122796K, capacity 125905K, committed 126248K, reserved 1159168K
  class space    used 16008K, capacity 17390K, committed 17492K, reserved 1048576K
}
Event: 16700.416 GC heap before
{Heap before GC invocations=426 (full 38):
 garbage-first heap   total 262144K, used 196994K [0x0000000740000000, 0x0000000800000000)
  region size 1024K, 60 young (61440K), 1 survivors (1024K)
 Metaspace       used 122798K, capacity 125905K, committed 126248K, reserved 1159168K
  class space    used 16008K, capacity 17390K, committed 17492K, reserved 1048576K
}
Event: 16700.754 GC heap after
{Heap after GC invocations=427 (full 38):
 garbage-first heap   total 262144K, used 136582K [0x0000000740000000, 0x0000000800000000)
  region size 1024K, 1 young (1024K), 1 survivors (1024K)
 Metaspace       used 122798K, capacity 125905K, committed 126248K, reserved 1159168K
  class space    used 16008K, capacity 17390K, committed 17492K, reserved 1048576K
}

